{"name":"hexo","hostname":"lijiedeMacBook-Pro.local","pid":9539,"level":20,"msg":"Hexo version: \u001b[35m3.3.8\u001b[39m","time":"2017-07-25T07:18:05.283Z","v":0}
{"name":"hexo","hostname":"lijiedeMacBook-Pro.local","pid":9539,"level":20,"msg":"Working directory: \u001b[35m/web/git/blog/\u001b[39m","time":"2017-07-25T07:18:05.286Z","v":0}
{"name":"hexo","hostname":"lijiedeMacBook-Pro.local","pid":9539,"level":20,"msg":"Config loaded: \u001b[35m/web/git/blog/_config.yml\u001b[39m","time":"2017-07-25T07:18:05.458Z","v":0}
{"name":"hexo","hostname":"lijiedeMacBook-Pro.local","pid":9539,"level":20,"msg":"Plugin loaded: \u001b[35mhexo-deployer-git\u001b[39m","time":"2017-07-25T07:18:05.499Z","v":0}
{"name":"hexo","hostname":"lijiedeMacBook-Pro.local","pid":9539,"level":20,"msg":"Plugin loaded: \u001b[35mhexo-generator-category\u001b[39m","time":"2017-07-25T07:18:05.507Z","v":0}
{"name":"hexo","hostname":"lijiedeMacBook-Pro.local","pid":9539,"level":20,"msg":"Plugin loaded: \u001b[35mhexo-generator-archive\u001b[39m","time":"2017-07-25T07:18:05.518Z","v":0}
{"name":"hexo","hostname":"lijiedeMacBook-Pro.local","pid":9539,"level":20,"msg":"Plugin loaded: \u001b[35mhexo-generator-index\u001b[39m","time":"2017-07-25T07:18:05.521Z","v":0}
{"name":"hexo","hostname":"lijiedeMacBook-Pro.local","pid":9539,"level":20,"msg":"Plugin loaded: \u001b[35mhexo-renderer-ejs\u001b[39m","time":"2017-07-25T07:18:05.525Z","v":0}
{"name":"hexo","hostname":"lijiedeMacBook-Pro.local","pid":9539,"level":20,"msg":"Plugin loaded: \u001b[35mhexo-renderer-stylus\u001b[39m","time":"2017-07-25T07:18:05.527Z","v":0}
{"name":"hexo","hostname":"lijiedeMacBook-Pro.local","pid":9539,"level":20,"msg":"Plugin loaded: \u001b[35mhexo-generator-tag\u001b[39m","time":"2017-07-25T07:18:05.528Z","v":0}
{"name":"hexo","hostname":"lijiedeMacBook-Pro.local","pid":9539,"level":20,"msg":"Plugin loaded: \u001b[35mhexo-renderer-marked\u001b[39m","time":"2017-07-25T07:18:05.541Z","v":0}
{"name":"hexo","hostname":"lijiedeMacBook-Pro.local","pid":9539,"level":20,"msg":"Plugin loaded: \u001b[35mhexo-server\u001b[39m","time":"2017-07-25T07:18:05.666Z","v":0}
{"name":"hexo","hostname":"lijiedeMacBook-Pro.local","pid":9539,"level":20,"msg":"Loading database.","time":"2017-07-25T07:18:05.678Z","v":0}
{"name":"hexo","hostname":"lijiedeMacBook-Pro.local","pid":9539,"level":30,"msg":"Start processing","time":"2017-07-25T07:18:05.765Z","v":0}
{"name":"hexo","hostname":"lijiedeMacBook-Pro.local","pid":9539,"level":20,"msg":"Processed: \u001b[35mCNAME\u001b[39m","time":"2017-07-25T07:18:05.804Z","v":0}
{"name":"hexo","hostname":"lijiedeMacBook-Pro.local","pid":9539,"level":20,"msg":"Processed: \u001b[35mimg/js.png\u001b[39m","time":"2017-07-25T07:18:05.829Z","v":0}
{"name":"hexo","hostname":"lijiedeMacBook-Pro.local","pid":9539,"level":20,"msg":"Processed: \u001b[35mabout/index.md\u001b[39m","time":"2017-07-25T07:18:05.855Z","v":0}
{"name":"hexo","hostname":"lijiedeMacBook-Pro.local","pid":9539,"level":20,"msg":"Processed: \u001b[35m_posts/hello-world.md\u001b[39m","time":"2017-07-25T07:18:05.855Z","v":0}
{"name":"hexo","hostname":"lijiedeMacBook-Pro.local","pid":9539,"level":20,"msg":"Processed: \u001b[35mtags/index.md\u001b[39m","time":"2017-07-25T07:18:05.856Z","v":0}
{"name":"hexo","hostname":"lijiedeMacBook-Pro.local","pid":9539,"level":20,"msg":"Theme config loaded.","time":"2017-07-25T07:18:05.875Z","v":0}
{"name":"hexo","hostname":"lijiedeMacBook-Pro.local","pid":9539,"level":20,"msg":"Processed: \u001b[35m_config.yml\u001b[39m","time":"2017-07-25T07:18:05.875Z","v":0}
{"name":"hexo","hostname":"lijiedeMacBook-Pro.local","pid":9539,"level":20,"msg":"Processed: \u001b[35m_posts/es6.md\u001b[39m","time":"2017-07-25T07:18:05.910Z","v":0}
{"name":"hexo","hostname":"lijiedeMacBook-Pro.local","pid":9539,"level":20,"msg":"Processed: \u001b[35m_posts/git常用命令.md\u001b[39m","time":"2017-07-25T07:18:05.913Z","v":0}
{"name":"hexo","hostname":"lijiedeMacBook-Pro.local","pid":9539,"level":20,"msg":"Processed: \u001b[35msource/css/font-awesome.css\u001b[39m","time":"2017-07-25T07:18:05.913Z","v":0}
{"name":"hexo","hostname":"lijiedeMacBook-Pro.local","pid":9539,"level":20,"msg":"Processed: \u001b[35m_posts/hexo.md\u001b[39m","time":"2017-07-25T07:18:05.914Z","v":0}
{"name":"hexo","hostname":"lijiedeMacBook-Pro.local","pid":9539,"level":20,"msg":"Processed: \u001b[35msource/css/style.styl\u001b[39m","time":"2017-07-25T07:18:05.914Z","v":0}
{"name":"hexo","hostname":"lijiedeMacBook-Pro.local","pid":9539,"level":20,"msg":"Processed: \u001b[35mlanguages/zh-CN.yml\u001b[39m","time":"2017-07-25T07:18:05.961Z","v":0}
{"name":"hexo","hostname":"lijiedeMacBook-Pro.local","pid":9539,"level":20,"msg":"Processed: \u001b[35msource/fonts/fontawesome-webfont.woff\u001b[39m","time":"2017-07-25T07:18:05.961Z","v":0}
{"name":"hexo","hostname":"lijiedeMacBook-Pro.local","pid":9539,"level":20,"msg":"Processed: \u001b[35msource/fonts/fontawesome-webfont.woff2\u001b[39m","time":"2017-07-25T07:18:05.961Z","v":0}
{"name":"hexo","hostname":"lijiedeMacBook-Pro.local","pid":9539,"level":20,"msg":"Processed: \u001b[35msource/fonts/LibreFranklin/LibreFranklin.woff2\u001b[39m","time":"2017-07-25T07:18:05.969Z","v":0}
{"name":"hexo","hostname":"lijiedeMacBook-Pro.local","pid":9539,"level":20,"msg":"Processed: \u001b[35msource/fonts/LibreFranklin/LibreFranklin-Bold.woff2\u001b[39m","time":"2017-07-25T07:18:05.969Z","v":0}
{"name":"hexo","hostname":"lijiedeMacBook-Pro.local","pid":9539,"level":20,"msg":"Processed: \u001b[35msource/fonts/FontAwesome.otf\u001b[39m","time":"2017-07-25T07:18:05.970Z","v":0}
{"name":"hexo","hostname":"lijiedeMacBook-Pro.local","pid":9539,"level":20,"msg":"Processed: \u001b[35msource/fonts/fontawesome-webfont.eot\u001b[39m","time":"2017-07-25T07:18:05.970Z","v":0}
{"name":"hexo","hostname":"lijiedeMacBook-Pro.local","pid":9539,"level":20,"msg":"Processed: \u001b[35msource/fonts/fontawesome-webfont.ttf\u001b[39m","time":"2017-07-25T07:18:05.971Z","v":0}
{"name":"hexo","hostname":"lijiedeMacBook-Pro.local","pid":9539,"level":20,"msg":"Processed: \u001b[35mlayout/archive.ejs\u001b[39m","time":"2017-07-25T07:18:05.976Z","v":0}
{"name":"hexo","hostname":"lijiedeMacBook-Pro.local","pid":9539,"level":20,"msg":"Processed: \u001b[35mlayout/index.ejs\u001b[39m","time":"2017-07-25T07:18:05.977Z","v":0}
{"name":"hexo","hostname":"lijiedeMacBook-Pro.local","pid":9539,"level":20,"msg":"Processed: \u001b[35mlayout/page.ejs\u001b[39m","time":"2017-07-25T07:18:05.977Z","v":0}
{"name":"hexo","hostname":"lijiedeMacBook-Pro.local","pid":9539,"level":20,"msg":"Processed: \u001b[35mlayout/category.ejs\u001b[39m","time":"2017-07-25T07:18:05.977Z","v":0}
{"name":"hexo","hostname":"lijiedeMacBook-Pro.local","pid":9539,"level":20,"msg":"Processed: \u001b[35mlayout/layout.ejs\u001b[39m","time":"2017-07-25T07:18:05.977Z","v":0}
{"name":"hexo","hostname":"lijiedeMacBook-Pro.local","pid":9539,"level":20,"msg":"Processed: \u001b[35mlayout/post.ejs\u001b[39m","time":"2017-07-25T07:18:05.977Z","v":0}
{"name":"hexo","hostname":"lijiedeMacBook-Pro.local","pid":9539,"level":20,"msg":"Processed: \u001b[35mlayout/_partial/article.ejs\u001b[39m","time":"2017-07-25T07:18:06.001Z","v":0}
{"name":"hexo","hostname":"lijiedeMacBook-Pro.local","pid":9539,"level":20,"msg":"Processed: \u001b[35mlayout/_partial/footer.ejs\u001b[39m","time":"2017-07-25T07:18:06.001Z","v":0}
{"name":"hexo","hostname":"lijiedeMacBook-Pro.local","pid":9539,"level":20,"msg":"Processed: \u001b[35mlayout/_partial/archive.ejs\u001b[39m","time":"2017-07-25T07:18:06.001Z","v":0}
{"name":"hexo","hostname":"lijiedeMacBook-Pro.local","pid":9539,"level":20,"msg":"Processed: \u001b[35mlayout/_partial/head.ejs\u001b[39m","time":"2017-07-25T07:18:06.001Z","v":0}
{"name":"hexo","hostname":"lijiedeMacBook-Pro.local","pid":9539,"level":20,"msg":"Processed: \u001b[35mlayout/_partial/header.ejs\u001b[39m","time":"2017-07-25T07:18:06.001Z","v":0}
{"name":"hexo","hostname":"lijiedeMacBook-Pro.local","pid":9539,"level":20,"msg":"Processed: \u001b[35mlayout/_partial/sidebar.ejs\u001b[39m","time":"2017-07-25T07:18:06.002Z","v":0}
{"name":"hexo","hostname":"lijiedeMacBook-Pro.local","pid":9539,"level":20,"msg":"Processed: \u001b[35mlayout/_partial/_article/tags.ejs\u001b[39m","time":"2017-07-25T07:18:06.014Z","v":0}
{"name":"hexo","hostname":"lijiedeMacBook-Pro.local","pid":9539,"level":20,"msg":"Processed: \u001b[35mlayout/_partial/_article/meta.ejs\u001b[39m","time":"2017-07-25T07:18:06.014Z","v":0}
{"name":"hexo","hostname":"lijiedeMacBook-Pro.local","pid":9539,"level":20,"msg":"Processed: \u001b[35mlayout/_partial/_article/pagination.ejs\u001b[39m","time":"2017-07-25T07:18:06.014Z","v":0}
{"name":"hexo","hostname":"lijiedeMacBook-Pro.local","pid":9539,"level":20,"msg":"Processed: \u001b[35mlayout/_partial/_article/title.ejs\u001b[39m","time":"2017-07-25T07:18:06.014Z","v":0}
{"name":"hexo","hostname":"lijiedeMacBook-Pro.local","pid":9539,"level":20,"msg":"Processed: \u001b[35mlayout/_partial/_script/analytics.ejs\u001b[39m","time":"2017-07-25T07:18:06.014Z","v":0}
{"name":"hexo","hostname":"lijiedeMacBook-Pro.local","pid":9539,"level":20,"msg":"Processed: \u001b[35mlayout/_partial/_script/comment.ejs\u001b[39m","time":"2017-07-25T07:18:06.014Z","v":0}
{"name":"hexo","hostname":"lijiedeMacBook-Pro.local","pid":9539,"level":20,"msg":"Processed: \u001b[35mlayout/_partial/_script/push.ejs\u001b[39m","time":"2017-07-25T07:18:06.014Z","v":0}
{"name":"hexo","hostname":"lijiedeMacBook-Pro.local","pid":9539,"level":20,"msg":"Processed: \u001b[35mlayout/_partial/_head/mate.ejs\u001b[39m","time":"2017-07-25T07:18:06.014Z","v":0}
{"name":"hexo","hostname":"lijiedeMacBook-Pro.local","pid":9539,"level":20,"msg":"Processed: \u001b[35mlayout/_partial/_head/title.ejs\u001b[39m","time":"2017-07-25T07:18:06.014Z","v":0}
{"name":"hexo","hostname":"lijiedeMacBook-Pro.local","pid":9539,"level":20,"msg":"Processed: \u001b[35mlayout/_partial/_widget/archives.ejs\u001b[39m","time":"2017-07-25T07:18:06.015Z","v":0}
{"name":"hexo","hostname":"lijiedeMacBook-Pro.local","pid":9539,"level":20,"msg":"Processed: \u001b[35mlayout/_partial/_widget/categories.ejs\u001b[39m","time":"2017-07-25T07:18:06.015Z","v":0}
{"name":"hexo","hostname":"lijiedeMacBook-Pro.local","pid":9539,"level":20,"msg":"Processed: \u001b[35mlayout/_partial/_widget/links.ejs\u001b[39m","time":"2017-07-25T07:18:06.030Z","v":0}
{"name":"hexo","hostname":"lijiedeMacBook-Pro.local","pid":9539,"level":20,"msg":"Processed: \u001b[35mlayout/_partial/_widget/recent_post.ejs\u001b[39m","time":"2017-07-25T07:18:06.030Z","v":0}
{"name":"hexo","hostname":"lijiedeMacBook-Pro.local","pid":9539,"level":20,"msg":"Processed: \u001b[35mlayout/_partial/_widget/tagcloud.ejs\u001b[39m","time":"2017-07-25T07:18:06.030Z","v":0}
{"name":"hexo","hostname":"lijiedeMacBook-Pro.local","pid":9539,"level":20,"msg":"Processed: \u001b[35msource/fonts/fontawesome-webfont.svg\u001b[39m","time":"2017-07-25T07:18:06.031Z","v":0}
{"name":"hexo","hostname":"lijiedeMacBook-Pro.local","pid":9539,"level":20,"msg":"Generator: \u001b[35mpage\u001b[39m","time":"2017-07-25T07:18:06.192Z","v":0}
{"name":"hexo","hostname":"lijiedeMacBook-Pro.local","pid":9539,"level":20,"msg":"Generator: \u001b[35mpost\u001b[39m","time":"2017-07-25T07:18:06.192Z","v":0}
{"name":"hexo","hostname":"lijiedeMacBook-Pro.local","pid":9539,"level":20,"msg":"Generator: \u001b[35mcategory\u001b[39m","time":"2017-07-25T07:18:06.192Z","v":0}
{"name":"hexo","hostname":"lijiedeMacBook-Pro.local","pid":9539,"level":20,"msg":"Generator: \u001b[35marchive\u001b[39m","time":"2017-07-25T07:18:06.192Z","v":0}
{"name":"hexo","hostname":"lijiedeMacBook-Pro.local","pid":9539,"level":20,"msg":"Generator: \u001b[35mindex\u001b[39m","time":"2017-07-25T07:18:06.193Z","v":0}
{"name":"hexo","hostname":"lijiedeMacBook-Pro.local","pid":9539,"level":20,"msg":"Generator: \u001b[35mtag\u001b[39m","time":"2017-07-25T07:18:06.193Z","v":0}
{"name":"hexo","hostname":"lijiedeMacBook-Pro.local","pid":9539,"level":20,"msg":"Generator: \u001b[35masset\u001b[39m","time":"2017-07-25T07:18:06.193Z","v":0}
{"name":"hexo","hostname":"lijiedeMacBook-Pro.local","pid":9539,"level":30,"msg":"Hexo is running at \u001b[4mhttp://localhost:4000/\u001b[24m. Press Ctrl+C to stop.","time":"2017-07-25T07:18:06.200Z","v":0}
{"name":"hexo","hostname":"lijiedeMacBook-Pro.local","pid":9539,"level":20,"msg":"Database saved","time":"2017-07-25T07:18:06.211Z","v":0}
{"name":"hexo","hostname":"lijiedeMacBook-Pro.local","pid":9539,"level":20,"msg":"Rendering post: \u001b[35m2017/07/25/git常用命令/index.html\u001b[39m","time":"2017-07-25T07:18:12.801Z","v":0}
{"name":"hexo","hostname":"lijiedeMacBook-Pro.local","pid":9539,"level":20,"msg":"Rendering post: \u001b[35m2017/07/25/git常用命令/index.html\u001b[39m","time":"2017-07-25T07:18:18.184Z","v":0}
{"name":"hexo","hostname":"lijiedeMacBook-Pro.local","pid":9539,"level":20,"msg":"Rendering post: \u001b[35m2017/07/25/git常用命令/index.html\u001b[39m","time":"2017-07-25T07:18:23.478Z","v":0}
{"name":"hexo","hostname":"lijiedeMacBook-Pro.local","pid":9539,"level":20,"msg":"Theme config loaded.","time":"2017-07-25T07:23:08.568Z","v":0}
{"name":"hexo","hostname":"lijiedeMacBook-Pro.local","pid":9539,"level":20,"msg":"Processed: \u001b[35m_config.yml\u001b[39m","time":"2017-07-25T07:23:08.569Z","v":0}
{"name":"hexo","hostname":"lijiedeMacBook-Pro.local","pid":9539,"level":20,"msg":"Generator: \u001b[35mpage\u001b[39m","time":"2017-07-25T07:23:08.707Z","v":0}
{"name":"hexo","hostname":"lijiedeMacBook-Pro.local","pid":9539,"level":20,"msg":"Generator: \u001b[35mpost\u001b[39m","time":"2017-07-25T07:23:08.707Z","v":0}
{"name":"hexo","hostname":"lijiedeMacBook-Pro.local","pid":9539,"level":20,"msg":"Generator: \u001b[35mcategory\u001b[39m","time":"2017-07-25T07:23:08.708Z","v":0}
{"name":"hexo","hostname":"lijiedeMacBook-Pro.local","pid":9539,"level":20,"msg":"Generator: \u001b[35marchive\u001b[39m","time":"2017-07-25T07:23:08.708Z","v":0}
{"name":"hexo","hostname":"lijiedeMacBook-Pro.local","pid":9539,"level":20,"msg":"Generator: \u001b[35mindex\u001b[39m","time":"2017-07-25T07:23:08.708Z","v":0}
{"name":"hexo","hostname":"lijiedeMacBook-Pro.local","pid":9539,"level":20,"msg":"Generator: \u001b[35mtag\u001b[39m","time":"2017-07-25T07:23:08.708Z","v":0}
{"name":"hexo","hostname":"lijiedeMacBook-Pro.local","pid":9539,"level":20,"msg":"Generator: \u001b[35masset\u001b[39m","time":"2017-07-25T07:23:08.709Z","v":0}
{"name":"hexo","hostname":"lijiedeMacBook-Pro.local","pid":9539,"level":20,"msg":"Rendering post: \u001b[35m2017/07/25/git常用命令/index.html\u001b[39m","time":"2017-07-25T07:23:12.178Z","v":0}
{"name":"hexo","hostname":"lijiedeMacBook-Pro.local","pid":9539,"level":20,"msg":"Rendering post: \u001b[35m2017/07/25/git常用命令/index.html\u001b[39m","time":"2017-07-25T07:23:14.167Z","v":0}
{"name":"hexo","hostname":"lijiedeMacBook-Pro.local","pid":9539,"level":20,"msg":"Processed: \u001b[35m_posts/git常用命令.md\u001b[39m","time":"2017-07-25T07:23:23.041Z","v":0}
{"name":"hexo","hostname":"lijiedeMacBook-Pro.local","pid":9539,"level":20,"msg":"Generator: \u001b[35mpage\u001b[39m","time":"2017-07-25T07:23:23.178Z","v":0}
{"name":"hexo","hostname":"lijiedeMacBook-Pro.local","pid":9539,"level":20,"msg":"Generator: \u001b[35mpost\u001b[39m","time":"2017-07-25T07:23:23.179Z","v":0}
{"name":"hexo","hostname":"lijiedeMacBook-Pro.local","pid":9539,"level":20,"msg":"Generator: \u001b[35mcategory\u001b[39m","time":"2017-07-25T07:23:23.179Z","v":0}
{"name":"hexo","hostname":"lijiedeMacBook-Pro.local","pid":9539,"level":20,"msg":"Generator: \u001b[35marchive\u001b[39m","time":"2017-07-25T07:23:23.179Z","v":0}
{"name":"hexo","hostname":"lijiedeMacBook-Pro.local","pid":9539,"level":20,"msg":"Generator: \u001b[35mindex\u001b[39m","time":"2017-07-25T07:23:23.180Z","v":0}
{"name":"hexo","hostname":"lijiedeMacBook-Pro.local","pid":9539,"level":20,"msg":"Generator: \u001b[35mtag\u001b[39m","time":"2017-07-25T07:23:23.180Z","v":0}
{"name":"hexo","hostname":"lijiedeMacBook-Pro.local","pid":9539,"level":20,"msg":"Generator: \u001b[35masset\u001b[39m","time":"2017-07-25T07:23:23.181Z","v":0}
{"name":"hexo","hostname":"lijiedeMacBook-Pro.local","pid":9539,"level":20,"msg":"Processed: \u001b[35m_posts/git常用命令.md\u001b[39m","time":"2017-07-25T07:23:36.457Z","v":0}
{"name":"hexo","hostname":"lijiedeMacBook-Pro.local","pid":9539,"level":20,"msg":"Generator: \u001b[35mpage\u001b[39m","time":"2017-07-25T07:23:36.599Z","v":0}
{"name":"hexo","hostname":"lijiedeMacBook-Pro.local","pid":9539,"level":20,"msg":"Generator: \u001b[35mpost\u001b[39m","time":"2017-07-25T07:23:36.599Z","v":0}
{"name":"hexo","hostname":"lijiedeMacBook-Pro.local","pid":9539,"level":20,"msg":"Generator: \u001b[35mcategory\u001b[39m","time":"2017-07-25T07:23:36.599Z","v":0}
{"name":"hexo","hostname":"lijiedeMacBook-Pro.local","pid":9539,"level":20,"msg":"Generator: \u001b[35marchive\u001b[39m","time":"2017-07-25T07:23:36.599Z","v":0}
{"name":"hexo","hostname":"lijiedeMacBook-Pro.local","pid":9539,"level":20,"msg":"Generator: \u001b[35mindex\u001b[39m","time":"2017-07-25T07:23:36.599Z","v":0}
{"name":"hexo","hostname":"lijiedeMacBook-Pro.local","pid":9539,"level":20,"msg":"Generator: \u001b[35mtag\u001b[39m","time":"2017-07-25T07:23:36.599Z","v":0}
{"name":"hexo","hostname":"lijiedeMacBook-Pro.local","pid":9539,"level":20,"msg":"Generator: \u001b[35masset\u001b[39m","time":"2017-07-25T07:23:36.600Z","v":0}
{"name":"hexo","hostname":"lijiedeMacBook-Pro.local","pid":9539,"level":20,"msg":"Processed: \u001b[35m_posts/git常用命令.md\u001b[39m","time":"2017-07-25T07:23:50.755Z","v":0}
{"name":"hexo","hostname":"lijiedeMacBook-Pro.local","pid":9539,"level":20,"msg":"Generator: \u001b[35mpage\u001b[39m","time":"2017-07-25T07:23:50.880Z","v":0}
{"name":"hexo","hostname":"lijiedeMacBook-Pro.local","pid":9539,"level":20,"msg":"Generator: \u001b[35mpost\u001b[39m","time":"2017-07-25T07:23:50.880Z","v":0}
{"name":"hexo","hostname":"lijiedeMacBook-Pro.local","pid":9539,"level":20,"msg":"Generator: \u001b[35mcategory\u001b[39m","time":"2017-07-25T07:23:50.880Z","v":0}
{"name":"hexo","hostname":"lijiedeMacBook-Pro.local","pid":9539,"level":20,"msg":"Generator: \u001b[35marchive\u001b[39m","time":"2017-07-25T07:23:50.880Z","v":0}
{"name":"hexo","hostname":"lijiedeMacBook-Pro.local","pid":9539,"level":20,"msg":"Generator: \u001b[35mindex\u001b[39m","time":"2017-07-25T07:23:50.880Z","v":0}
{"name":"hexo","hostname":"lijiedeMacBook-Pro.local","pid":9539,"level":20,"msg":"Generator: \u001b[35mtag\u001b[39m","time":"2017-07-25T07:23:50.880Z","v":0}
{"name":"hexo","hostname":"lijiedeMacBook-Pro.local","pid":9539,"level":20,"msg":"Generator: \u001b[35masset\u001b[39m","time":"2017-07-25T07:23:50.885Z","v":0}
{"name":"hexo","hostname":"lijiedeMacBook-Pro.local","pid":9539,"level":20,"msg":"Rendering post: \u001b[35m2017/07/25/git常用命令/index.html\u001b[39m","time":"2017-07-25T07:23:52.563Z","v":0}
{"name":"hexo","hostname":"lijiedeMacBook-Pro.local","pid":9539,"level":20,"msg":"Processed: \u001b[35m_posts/git常用命令.md\u001b[39m","time":"2017-07-25T07:24:07.508Z","v":0}
{"name":"hexo","hostname":"lijiedeMacBook-Pro.local","pid":9539,"level":20,"msg":"Generator: \u001b[35mpage\u001b[39m","time":"2017-07-25T07:24:07.637Z","v":0}
{"name":"hexo","hostname":"lijiedeMacBook-Pro.local","pid":9539,"level":20,"msg":"Generator: \u001b[35mpost\u001b[39m","time":"2017-07-25T07:24:07.638Z","v":0}
{"name":"hexo","hostname":"lijiedeMacBook-Pro.local","pid":9539,"level":20,"msg":"Generator: \u001b[35mcategory\u001b[39m","time":"2017-07-25T07:24:07.638Z","v":0}
{"name":"hexo","hostname":"lijiedeMacBook-Pro.local","pid":9539,"level":20,"msg":"Generator: \u001b[35marchive\u001b[39m","time":"2017-07-25T07:24:07.638Z","v":0}
{"name":"hexo","hostname":"lijiedeMacBook-Pro.local","pid":9539,"level":20,"msg":"Generator: \u001b[35mindex\u001b[39m","time":"2017-07-25T07:24:07.638Z","v":0}
{"name":"hexo","hostname":"lijiedeMacBook-Pro.local","pid":9539,"level":20,"msg":"Generator: \u001b[35mtag\u001b[39m","time":"2017-07-25T07:24:07.638Z","v":0}
{"name":"hexo","hostname":"lijiedeMacBook-Pro.local","pid":9539,"level":20,"msg":"Generator: \u001b[35masset\u001b[39m","time":"2017-07-25T07:24:07.638Z","v":0}
{"name":"hexo","hostname":"lijiedeMacBook-Pro.local","pid":9539,"level":20,"msg":"Rendering post: \u001b[35m2017/07/25/git常用命令/index.html\u001b[39m","time":"2017-07-25T07:24:08.334Z","v":0}
{"name":"hexo","hostname":"lijiedeMacBook-Pro.local","pid":9539,"level":20,"msg":"Rendering post: \u001b[35m2017/07/25/git常用命令/index.html\u001b[39m","time":"2017-07-25T07:24:10.574Z","v":0}
{"name":"hexo","hostname":"lijiedeMacBook-Pro.local","pid":9539,"level":20,"msg":"Processed: \u001b[35m_posts/git常用命令.md\u001b[39m","time":"2017-07-25T07:24:19.221Z","v":0}
{"name":"hexo","hostname":"lijiedeMacBook-Pro.local","pid":9539,"level":20,"msg":"Generator: \u001b[35mpage\u001b[39m","time":"2017-07-25T07:24:19.351Z","v":0}
{"name":"hexo","hostname":"lijiedeMacBook-Pro.local","pid":9539,"level":20,"msg":"Generator: \u001b[35mpost\u001b[39m","time":"2017-07-25T07:24:19.351Z","v":0}
{"name":"hexo","hostname":"lijiedeMacBook-Pro.local","pid":9539,"level":20,"msg":"Generator: \u001b[35mcategory\u001b[39m","time":"2017-07-25T07:24:19.352Z","v":0}
{"name":"hexo","hostname":"lijiedeMacBook-Pro.local","pid":9539,"level":20,"msg":"Generator: \u001b[35marchive\u001b[39m","time":"2017-07-25T07:24:19.352Z","v":0}
{"name":"hexo","hostname":"lijiedeMacBook-Pro.local","pid":9539,"level":20,"msg":"Generator: \u001b[35mindex\u001b[39m","time":"2017-07-25T07:24:19.352Z","v":0}
{"name":"hexo","hostname":"lijiedeMacBook-Pro.local","pid":9539,"level":20,"msg":"Generator: \u001b[35mtag\u001b[39m","time":"2017-07-25T07:24:19.352Z","v":0}
{"name":"hexo","hostname":"lijiedeMacBook-Pro.local","pid":9539,"level":20,"msg":"Generator: \u001b[35masset\u001b[39m","time":"2017-07-25T07:24:19.352Z","v":0}
{"name":"hexo","hostname":"lijiedeMacBook-Pro.local","pid":9539,"level":20,"msg":"Processed: \u001b[35m_posts/git常用命令.md\u001b[39m","time":"2017-07-25T07:25:08.253Z","v":0}
{"name":"hexo","hostname":"lijiedeMacBook-Pro.local","pid":9539,"level":20,"msg":"Generator: \u001b[35mpage\u001b[39m","time":"2017-07-25T07:25:08.401Z","v":0}
{"name":"hexo","hostname":"lijiedeMacBook-Pro.local","pid":9539,"level":20,"msg":"Generator: \u001b[35mpost\u001b[39m","time":"2017-07-25T07:25:08.401Z","v":0}
{"name":"hexo","hostname":"lijiedeMacBook-Pro.local","pid":9539,"level":20,"msg":"Generator: \u001b[35mcategory\u001b[39m","time":"2017-07-25T07:25:08.401Z","v":0}
{"name":"hexo","hostname":"lijiedeMacBook-Pro.local","pid":9539,"level":20,"msg":"Generator: \u001b[35marchive\u001b[39m","time":"2017-07-25T07:25:08.401Z","v":0}
{"name":"hexo","hostname":"lijiedeMacBook-Pro.local","pid":9539,"level":20,"msg":"Generator: \u001b[35mindex\u001b[39m","time":"2017-07-25T07:25:08.401Z","v":0}
{"name":"hexo","hostname":"lijiedeMacBook-Pro.local","pid":9539,"level":20,"msg":"Generator: \u001b[35mtag\u001b[39m","time":"2017-07-25T07:25:08.402Z","v":0}
{"name":"hexo","hostname":"lijiedeMacBook-Pro.local","pid":9539,"level":20,"msg":"Generator: \u001b[35masset\u001b[39m","time":"2017-07-25T07:25:08.402Z","v":0}
{"name":"hexo","hostname":"lijiedeMacBook-Pro.local","pid":9539,"level":20,"msg":"Processed: \u001b[35m_posts/git常用命令.md\u001b[39m","time":"2017-07-25T07:25:47.778Z","v":0}
{"name":"hexo","hostname":"lijiedeMacBook-Pro.local","pid":9539,"level":20,"msg":"Generator: \u001b[35mpage\u001b[39m","time":"2017-07-25T07:25:47.928Z","v":0}
{"name":"hexo","hostname":"lijiedeMacBook-Pro.local","pid":9539,"level":20,"msg":"Generator: \u001b[35mpost\u001b[39m","time":"2017-07-25T07:25:47.928Z","v":0}
{"name":"hexo","hostname":"lijiedeMacBook-Pro.local","pid":9539,"level":20,"msg":"Generator: \u001b[35mcategory\u001b[39m","time":"2017-07-25T07:25:47.928Z","v":0}
{"name":"hexo","hostname":"lijiedeMacBook-Pro.local","pid":9539,"level":20,"msg":"Generator: \u001b[35marchive\u001b[39m","time":"2017-07-25T07:25:47.928Z","v":0}
{"name":"hexo","hostname":"lijiedeMacBook-Pro.local","pid":9539,"level":20,"msg":"Generator: \u001b[35mindex\u001b[39m","time":"2017-07-25T07:25:47.928Z","v":0}
{"name":"hexo","hostname":"lijiedeMacBook-Pro.local","pid":9539,"level":20,"msg":"Generator: \u001b[35mtag\u001b[39m","time":"2017-07-25T07:25:47.928Z","v":0}
{"name":"hexo","hostname":"lijiedeMacBook-Pro.local","pid":9539,"level":20,"msg":"Generator: \u001b[35masset\u001b[39m","time":"2017-07-25T07:25:47.930Z","v":0}
{"name":"hexo","hostname":"lijiedeMacBook-Pro.local","pid":9539,"level":20,"msg":"Rendering post: \u001b[35m2017/07/25/git常用命令/index.html\u001b[39m","time":"2017-07-25T07:25:57.944Z","v":0}
{"name":"hexo","hostname":"lijiedeMacBook-Pro.local","pid":9539,"level":20,"msg":"Processed: \u001b[35m_posts/git常用命令.md\u001b[39m","time":"2017-07-25T07:26:23.407Z","v":0}
{"name":"hexo","hostname":"lijiedeMacBook-Pro.local","pid":9539,"level":20,"msg":"Generator: \u001b[35mpage\u001b[39m","time":"2017-07-25T07:26:23.559Z","v":0}
{"name":"hexo","hostname":"lijiedeMacBook-Pro.local","pid":9539,"level":20,"msg":"Generator: \u001b[35mpost\u001b[39m","time":"2017-07-25T07:26:23.560Z","v":0}
{"name":"hexo","hostname":"lijiedeMacBook-Pro.local","pid":9539,"level":20,"msg":"Generator: \u001b[35mcategory\u001b[39m","time":"2017-07-25T07:26:23.560Z","v":0}
{"name":"hexo","hostname":"lijiedeMacBook-Pro.local","pid":9539,"level":20,"msg":"Generator: \u001b[35marchive\u001b[39m","time":"2017-07-25T07:26:23.560Z","v":0}
{"name":"hexo","hostname":"lijiedeMacBook-Pro.local","pid":9539,"level":20,"msg":"Generator: \u001b[35mindex\u001b[39m","time":"2017-07-25T07:26:23.560Z","v":0}
{"name":"hexo","hostname":"lijiedeMacBook-Pro.local","pid":9539,"level":20,"msg":"Generator: \u001b[35mtag\u001b[39m","time":"2017-07-25T07:26:23.560Z","v":0}
{"name":"hexo","hostname":"lijiedeMacBook-Pro.local","pid":9539,"level":20,"msg":"Generator: \u001b[35masset\u001b[39m","time":"2017-07-25T07:26:23.560Z","v":0}
{"name":"hexo","hostname":"lijiedeMacBook-Pro.local","pid":9539,"level":20,"msg":"Rendering post: \u001b[35m2017/07/25/git常用命令/index.html\u001b[39m","time":"2017-07-25T07:26:24.267Z","v":0}
{"name":"hexo","hostname":"lijiedeMacBook-Pro.local","pid":9539,"level":20,"msg":"Processed: \u001b[35m_posts/git常用命令.md\u001b[39m","time":"2017-07-25T07:26:36.012Z","v":0}
{"name":"hexo","hostname":"lijiedeMacBook-Pro.local","pid":9539,"level":20,"msg":"Generator: \u001b[35mpage\u001b[39m","time":"2017-07-25T07:26:36.172Z","v":0}
{"name":"hexo","hostname":"lijiedeMacBook-Pro.local","pid":9539,"level":20,"msg":"Generator: \u001b[35mpost\u001b[39m","time":"2017-07-25T07:26:36.172Z","v":0}
{"name":"hexo","hostname":"lijiedeMacBook-Pro.local","pid":9539,"level":20,"msg":"Generator: \u001b[35mcategory\u001b[39m","time":"2017-07-25T07:26:36.173Z","v":0}
{"name":"hexo","hostname":"lijiedeMacBook-Pro.local","pid":9539,"level":20,"msg":"Generator: \u001b[35marchive\u001b[39m","time":"2017-07-25T07:26:36.173Z","v":0}
{"name":"hexo","hostname":"lijiedeMacBook-Pro.local","pid":9539,"level":20,"msg":"Generator: \u001b[35mindex\u001b[39m","time":"2017-07-25T07:26:36.173Z","v":0}
{"name":"hexo","hostname":"lijiedeMacBook-Pro.local","pid":9539,"level":20,"msg":"Generator: \u001b[35mtag\u001b[39m","time":"2017-07-25T07:26:36.173Z","v":0}
{"name":"hexo","hostname":"lijiedeMacBook-Pro.local","pid":9539,"level":20,"msg":"Generator: \u001b[35masset\u001b[39m","time":"2017-07-25T07:26:36.173Z","v":0}
{"name":"hexo","hostname":"lijiedeMacBook-Pro.local","pid":9539,"level":20,"msg":"Processed: \u001b[35m_posts/git常用命令.md\u001b[39m","time":"2017-07-25T07:26:40.885Z","v":0}
{"name":"hexo","hostname":"lijiedeMacBook-Pro.local","pid":9539,"level":20,"msg":"Generator: \u001b[35mpage\u001b[39m","time":"2017-07-25T07:26:41.029Z","v":0}
{"name":"hexo","hostname":"lijiedeMacBook-Pro.local","pid":9539,"level":20,"msg":"Generator: \u001b[35mpost\u001b[39m","time":"2017-07-25T07:26:41.029Z","v":0}
{"name":"hexo","hostname":"lijiedeMacBook-Pro.local","pid":9539,"level":20,"msg":"Generator: \u001b[35mcategory\u001b[39m","time":"2017-07-25T07:26:41.029Z","v":0}
{"name":"hexo","hostname":"lijiedeMacBook-Pro.local","pid":9539,"level":20,"msg":"Generator: \u001b[35marchive\u001b[39m","time":"2017-07-25T07:26:41.029Z","v":0}
{"name":"hexo","hostname":"lijiedeMacBook-Pro.local","pid":9539,"level":20,"msg":"Generator: \u001b[35mindex\u001b[39m","time":"2017-07-25T07:26:41.029Z","v":0}
{"name":"hexo","hostname":"lijiedeMacBook-Pro.local","pid":9539,"level":20,"msg":"Generator: \u001b[35mtag\u001b[39m","time":"2017-07-25T07:26:41.029Z","v":0}
{"name":"hexo","hostname":"lijiedeMacBook-Pro.local","pid":9539,"level":20,"msg":"Generator: \u001b[35masset\u001b[39m","time":"2017-07-25T07:26:41.030Z","v":0}
{"name":"hexo","hostname":"lijiedeMacBook-Pro.local","pid":9539,"level":20,"msg":"Rendering post: \u001b[35m2017/07/25/git常用命令/index.html\u001b[39m","time":"2017-07-25T07:26:41.884Z","v":0}
{"name":"hexo","hostname":"lijiedeMacBook-Pro.local","pid":9539,"level":20,"msg":"Processed: \u001b[35m_posts/git常用命令.md\u001b[39m","time":"2017-07-25T07:27:23.928Z","v":0}
{"name":"hexo","hostname":"lijiedeMacBook-Pro.local","pid":9539,"level":20,"msg":"Generator: \u001b[35mpage\u001b[39m","time":"2017-07-25T07:27:24.079Z","v":0}
{"name":"hexo","hostname":"lijiedeMacBook-Pro.local","pid":9539,"level":20,"msg":"Generator: \u001b[35mpost\u001b[39m","time":"2017-07-25T07:27:24.079Z","v":0}
{"name":"hexo","hostname":"lijiedeMacBook-Pro.local","pid":9539,"level":20,"msg":"Generator: \u001b[35mcategory\u001b[39m","time":"2017-07-25T07:27:24.079Z","v":0}
{"name":"hexo","hostname":"lijiedeMacBook-Pro.local","pid":9539,"level":20,"msg":"Generator: \u001b[35marchive\u001b[39m","time":"2017-07-25T07:27:24.080Z","v":0}
{"name":"hexo","hostname":"lijiedeMacBook-Pro.local","pid":9539,"level":20,"msg":"Generator: \u001b[35mindex\u001b[39m","time":"2017-07-25T07:27:24.080Z","v":0}
{"name":"hexo","hostname":"lijiedeMacBook-Pro.local","pid":9539,"level":20,"msg":"Generator: \u001b[35mtag\u001b[39m","time":"2017-07-25T07:27:24.080Z","v":0}
{"name":"hexo","hostname":"lijiedeMacBook-Pro.local","pid":9539,"level":20,"msg":"Generator: \u001b[35masset\u001b[39m","time":"2017-07-25T07:27:24.082Z","v":0}
{"name":"hexo","hostname":"lijiedeMacBook-Pro.local","pid":9539,"level":20,"msg":"Processed: \u001b[35m_posts/git常用命令.md\u001b[39m","time":"2017-07-25T07:30:58.095Z","v":0}
{"name":"hexo","hostname":"lijiedeMacBook-Pro.local","pid":9539,"level":20,"msg":"Generator: \u001b[35mpage\u001b[39m","time":"2017-07-25T07:30:58.237Z","v":0}
{"name":"hexo","hostname":"lijiedeMacBook-Pro.local","pid":9539,"level":20,"msg":"Generator: \u001b[35mpost\u001b[39m","time":"2017-07-25T07:30:58.238Z","v":0}
{"name":"hexo","hostname":"lijiedeMacBook-Pro.local","pid":9539,"level":20,"msg":"Generator: \u001b[35mcategory\u001b[39m","time":"2017-07-25T07:30:58.238Z","v":0}
{"name":"hexo","hostname":"lijiedeMacBook-Pro.local","pid":9539,"level":20,"msg":"Generator: \u001b[35marchive\u001b[39m","time":"2017-07-25T07:30:58.238Z","v":0}
{"name":"hexo","hostname":"lijiedeMacBook-Pro.local","pid":9539,"level":20,"msg":"Generator: \u001b[35mindex\u001b[39m","time":"2017-07-25T07:30:58.238Z","v":0}
{"name":"hexo","hostname":"lijiedeMacBook-Pro.local","pid":9539,"level":20,"msg":"Generator: \u001b[35mtag\u001b[39m","time":"2017-07-25T07:30:58.238Z","v":0}
{"name":"hexo","hostname":"lijiedeMacBook-Pro.local","pid":9539,"level":20,"msg":"Generator: \u001b[35masset\u001b[39m","time":"2017-07-25T07:30:58.238Z","v":0}
{"name":"hexo","hostname":"lijiedeMacBook-Pro.local","pid":9539,"level":20,"msg":"Processed: \u001b[35m_posts/git常用命令.md\u001b[39m","time":"2017-07-25T07:31:23.387Z","v":0}
{"name":"hexo","hostname":"lijiedeMacBook-Pro.local","pid":9539,"level":20,"msg":"Generator: \u001b[35mpage\u001b[39m","time":"2017-07-25T07:31:23.514Z","v":0}
{"name":"hexo","hostname":"lijiedeMacBook-Pro.local","pid":9539,"level":20,"msg":"Generator: \u001b[35mpost\u001b[39m","time":"2017-07-25T07:31:23.514Z","v":0}
{"name":"hexo","hostname":"lijiedeMacBook-Pro.local","pid":9539,"level":20,"msg":"Generator: \u001b[35mcategory\u001b[39m","time":"2017-07-25T07:31:23.514Z","v":0}
{"name":"hexo","hostname":"lijiedeMacBook-Pro.local","pid":9539,"level":20,"msg":"Generator: \u001b[35marchive\u001b[39m","time":"2017-07-25T07:31:23.514Z","v":0}
{"name":"hexo","hostname":"lijiedeMacBook-Pro.local","pid":9539,"level":20,"msg":"Generator: \u001b[35mindex\u001b[39m","time":"2017-07-25T07:31:23.514Z","v":0}
{"name":"hexo","hostname":"lijiedeMacBook-Pro.local","pid":9539,"level":20,"msg":"Generator: \u001b[35mtag\u001b[39m","time":"2017-07-25T07:31:23.515Z","v":0}
{"name":"hexo","hostname":"lijiedeMacBook-Pro.local","pid":9539,"level":20,"msg":"Generator: \u001b[35masset\u001b[39m","time":"2017-07-25T07:31:23.515Z","v":0}
{"name":"hexo","hostname":"lijiedeMacBook-Pro.local","pid":9539,"level":20,"msg":"Processed: \u001b[35m_posts/git常用命令.md\u001b[39m","time":"2017-07-25T07:31:26.318Z","v":0}
{"name":"hexo","hostname":"lijiedeMacBook-Pro.local","pid":9539,"level":20,"msg":"Generator: \u001b[35mpage\u001b[39m","time":"2017-07-25T07:31:26.451Z","v":0}
{"name":"hexo","hostname":"lijiedeMacBook-Pro.local","pid":9539,"level":20,"msg":"Generator: \u001b[35mpost\u001b[39m","time":"2017-07-25T07:31:26.452Z","v":0}
{"name":"hexo","hostname":"lijiedeMacBook-Pro.local","pid":9539,"level":20,"msg":"Generator: \u001b[35mcategory\u001b[39m","time":"2017-07-25T07:31:26.452Z","v":0}
{"name":"hexo","hostname":"lijiedeMacBook-Pro.local","pid":9539,"level":20,"msg":"Generator: \u001b[35marchive\u001b[39m","time":"2017-07-25T07:31:26.452Z","v":0}
{"name":"hexo","hostname":"lijiedeMacBook-Pro.local","pid":9539,"level":20,"msg":"Generator: \u001b[35mindex\u001b[39m","time":"2017-07-25T07:31:26.452Z","v":0}
{"name":"hexo","hostname":"lijiedeMacBook-Pro.local","pid":9539,"level":20,"msg":"Generator: \u001b[35mtag\u001b[39m","time":"2017-07-25T07:31:26.452Z","v":0}
{"name":"hexo","hostname":"lijiedeMacBook-Pro.local","pid":9539,"level":20,"msg":"Generator: \u001b[35masset\u001b[39m","time":"2017-07-25T07:31:26.453Z","v":0}
{"name":"hexo","hostname":"lijiedeMacBook-Pro.local","pid":9539,"level":20,"msg":"Processed: \u001b[35m_posts/git常用命令.md\u001b[39m","time":"2017-07-25T07:31:52.585Z","v":0}
{"name":"hexo","hostname":"lijiedeMacBook-Pro.local","pid":9539,"level":20,"msg":"Generator: \u001b[35mpage\u001b[39m","time":"2017-07-25T07:31:52.736Z","v":0}
{"name":"hexo","hostname":"lijiedeMacBook-Pro.local","pid":9539,"level":20,"msg":"Generator: \u001b[35mpost\u001b[39m","time":"2017-07-25T07:31:52.736Z","v":0}
{"name":"hexo","hostname":"lijiedeMacBook-Pro.local","pid":9539,"level":20,"msg":"Generator: \u001b[35mcategory\u001b[39m","time":"2017-07-25T07:31:52.736Z","v":0}
{"name":"hexo","hostname":"lijiedeMacBook-Pro.local","pid":9539,"level":20,"msg":"Generator: \u001b[35marchive\u001b[39m","time":"2017-07-25T07:31:52.736Z","v":0}
{"name":"hexo","hostname":"lijiedeMacBook-Pro.local","pid":9539,"level":20,"msg":"Generator: \u001b[35mindex\u001b[39m","time":"2017-07-25T07:31:52.736Z","v":0}
{"name":"hexo","hostname":"lijiedeMacBook-Pro.local","pid":9539,"level":20,"msg":"Generator: \u001b[35mtag\u001b[39m","time":"2017-07-25T07:31:52.736Z","v":0}
{"name":"hexo","hostname":"lijiedeMacBook-Pro.local","pid":9539,"level":20,"msg":"Generator: \u001b[35masset\u001b[39m","time":"2017-07-25T07:31:52.736Z","v":0}
{"name":"hexo","hostname":"lijiedeMacBook-Pro.local","pid":9539,"level":20,"msg":"Processed: \u001b[35m_posts/git常用命令.md\u001b[39m","time":"2017-07-25T07:32:17.629Z","v":0}
{"name":"hexo","hostname":"lijiedeMacBook-Pro.local","pid":9539,"level":20,"msg":"Generator: \u001b[35mpage\u001b[39m","time":"2017-07-25T07:32:17.759Z","v":0}
{"name":"hexo","hostname":"lijiedeMacBook-Pro.local","pid":9539,"level":20,"msg":"Generator: \u001b[35mpost\u001b[39m","time":"2017-07-25T07:32:17.760Z","v":0}
{"name":"hexo","hostname":"lijiedeMacBook-Pro.local","pid":9539,"level":20,"msg":"Generator: \u001b[35mcategory\u001b[39m","time":"2017-07-25T07:32:17.760Z","v":0}
{"name":"hexo","hostname":"lijiedeMacBook-Pro.local","pid":9539,"level":20,"msg":"Generator: \u001b[35marchive\u001b[39m","time":"2017-07-25T07:32:17.760Z","v":0}
{"name":"hexo","hostname":"lijiedeMacBook-Pro.local","pid":9539,"level":20,"msg":"Generator: \u001b[35mindex\u001b[39m","time":"2017-07-25T07:32:17.760Z","v":0}
{"name":"hexo","hostname":"lijiedeMacBook-Pro.local","pid":9539,"level":20,"msg":"Generator: \u001b[35mtag\u001b[39m","time":"2017-07-25T07:32:17.760Z","v":0}
{"name":"hexo","hostname":"lijiedeMacBook-Pro.local","pid":9539,"level":20,"msg":"Generator: \u001b[35masset\u001b[39m","time":"2017-07-25T07:32:17.761Z","v":0}
{"name":"hexo","hostname":"lijiedeMacBook-Pro.local","pid":9539,"level":20,"msg":"Processed: \u001b[35m_posts/git常用命令.md\u001b[39m","time":"2017-07-25T07:32:27.904Z","v":0}
{"name":"hexo","hostname":"lijiedeMacBook-Pro.local","pid":9539,"level":20,"msg":"Generator: \u001b[35mpage\u001b[39m","time":"2017-07-25T07:32:28.040Z","v":0}
{"name":"hexo","hostname":"lijiedeMacBook-Pro.local","pid":9539,"level":20,"msg":"Generator: \u001b[35mpost\u001b[39m","time":"2017-07-25T07:32:28.040Z","v":0}
{"name":"hexo","hostname":"lijiedeMacBook-Pro.local","pid":9539,"level":20,"msg":"Generator: \u001b[35mcategory\u001b[39m","time":"2017-07-25T07:32:28.041Z","v":0}
{"name":"hexo","hostname":"lijiedeMacBook-Pro.local","pid":9539,"level":20,"msg":"Generator: \u001b[35marchive\u001b[39m","time":"2017-07-25T07:32:28.041Z","v":0}
{"name":"hexo","hostname":"lijiedeMacBook-Pro.local","pid":9539,"level":20,"msg":"Generator: \u001b[35mindex\u001b[39m","time":"2017-07-25T07:32:28.041Z","v":0}
{"name":"hexo","hostname":"lijiedeMacBook-Pro.local","pid":9539,"level":20,"msg":"Generator: \u001b[35mtag\u001b[39m","time":"2017-07-25T07:32:28.041Z","v":0}
{"name":"hexo","hostname":"lijiedeMacBook-Pro.local","pid":9539,"level":20,"msg":"Generator: \u001b[35masset\u001b[39m","time":"2017-07-25T07:32:28.046Z","v":0}
{"name":"hexo","hostname":"lijiedeMacBook-Pro.local","pid":9539,"level":20,"msg":"Processed: \u001b[35m_posts/git常用命令.md\u001b[39m","time":"2017-07-25T07:32:57.737Z","v":0}
{"name":"hexo","hostname":"lijiedeMacBook-Pro.local","pid":9539,"level":20,"msg":"Generator: \u001b[35mpage\u001b[39m","time":"2017-07-25T07:32:57.869Z","v":0}
{"name":"hexo","hostname":"lijiedeMacBook-Pro.local","pid":9539,"level":20,"msg":"Generator: \u001b[35mpost\u001b[39m","time":"2017-07-25T07:32:57.869Z","v":0}
{"name":"hexo","hostname":"lijiedeMacBook-Pro.local","pid":9539,"level":20,"msg":"Generator: \u001b[35mcategory\u001b[39m","time":"2017-07-25T07:32:57.870Z","v":0}
{"name":"hexo","hostname":"lijiedeMacBook-Pro.local","pid":9539,"level":20,"msg":"Generator: \u001b[35marchive\u001b[39m","time":"2017-07-25T07:32:57.870Z","v":0}
{"name":"hexo","hostname":"lijiedeMacBook-Pro.local","pid":9539,"level":20,"msg":"Generator: \u001b[35mindex\u001b[39m","time":"2017-07-25T07:32:57.870Z","v":0}
{"name":"hexo","hostname":"lijiedeMacBook-Pro.local","pid":9539,"level":20,"msg":"Generator: \u001b[35mtag\u001b[39m","time":"2017-07-25T07:32:57.870Z","v":0}
{"name":"hexo","hostname":"lijiedeMacBook-Pro.local","pid":9539,"level":20,"msg":"Generator: \u001b[35masset\u001b[39m","time":"2017-07-25T07:32:57.871Z","v":0}
{"name":"hexo","hostname":"lijiedeMacBook-Pro.local","pid":9539,"level":20,"msg":"Processed: \u001b[35m_posts/git常用命令.md\u001b[39m","time":"2017-07-25T07:34:02.267Z","v":0}
{"name":"hexo","hostname":"lijiedeMacBook-Pro.local","pid":9539,"level":20,"msg":"Generator: \u001b[35mpage\u001b[39m","time":"2017-07-25T07:34:02.403Z","v":0}
{"name":"hexo","hostname":"lijiedeMacBook-Pro.local","pid":9539,"level":20,"msg":"Generator: \u001b[35mpost\u001b[39m","time":"2017-07-25T07:34:02.403Z","v":0}
{"name":"hexo","hostname":"lijiedeMacBook-Pro.local","pid":9539,"level":20,"msg":"Generator: \u001b[35mcategory\u001b[39m","time":"2017-07-25T07:34:02.403Z","v":0}
{"name":"hexo","hostname":"lijiedeMacBook-Pro.local","pid":9539,"level":20,"msg":"Generator: \u001b[35marchive\u001b[39m","time":"2017-07-25T07:34:02.403Z","v":0}
{"name":"hexo","hostname":"lijiedeMacBook-Pro.local","pid":9539,"level":20,"msg":"Generator: \u001b[35mindex\u001b[39m","time":"2017-07-25T07:34:02.403Z","v":0}
{"name":"hexo","hostname":"lijiedeMacBook-Pro.local","pid":9539,"level":20,"msg":"Generator: \u001b[35mtag\u001b[39m","time":"2017-07-25T07:34:02.403Z","v":0}
{"name":"hexo","hostname":"lijiedeMacBook-Pro.local","pid":9539,"level":20,"msg":"Generator: \u001b[35masset\u001b[39m","time":"2017-07-25T07:34:02.403Z","v":0}
{"name":"hexo","hostname":"lijiedeMacBook-Pro.local","pid":9539,"level":20,"msg":"Rendering post: \u001b[35m2017/07/25/git常用命令/index.html\u001b[39m","time":"2017-07-25T07:34:05.746Z","v":0}
{"name":"hexo","hostname":"lijiedeMacBook-Pro.local","pid":9539,"level":20,"msg":"Processed: \u001b[35m_posts/git常用命令.md\u001b[39m","time":"2017-07-25T07:34:56.230Z","v":0}
{"name":"hexo","hostname":"lijiedeMacBook-Pro.local","pid":9539,"level":20,"msg":"Generator: \u001b[35mpage\u001b[39m","time":"2017-07-25T07:34:56.355Z","v":0}
{"name":"hexo","hostname":"lijiedeMacBook-Pro.local","pid":9539,"level":20,"msg":"Generator: \u001b[35mpost\u001b[39m","time":"2017-07-25T07:34:56.356Z","v":0}
{"name":"hexo","hostname":"lijiedeMacBook-Pro.local","pid":9539,"level":20,"msg":"Generator: \u001b[35mcategory\u001b[39m","time":"2017-07-25T07:34:56.356Z","v":0}
{"name":"hexo","hostname":"lijiedeMacBook-Pro.local","pid":9539,"level":20,"msg":"Generator: \u001b[35marchive\u001b[39m","time":"2017-07-25T07:34:56.356Z","v":0}
{"name":"hexo","hostname":"lijiedeMacBook-Pro.local","pid":9539,"level":20,"msg":"Generator: \u001b[35mindex\u001b[39m","time":"2017-07-25T07:34:56.356Z","v":0}
{"name":"hexo","hostname":"lijiedeMacBook-Pro.local","pid":9539,"level":20,"msg":"Generator: \u001b[35mtag\u001b[39m","time":"2017-07-25T07:34:56.357Z","v":0}
{"name":"hexo","hostname":"lijiedeMacBook-Pro.local","pid":9539,"level":20,"msg":"Generator: \u001b[35masset\u001b[39m","time":"2017-07-25T07:34:56.359Z","v":0}
{"name":"hexo","hostname":"lijiedeMacBook-Pro.local","pid":9539,"level":20,"msg":"Processed: \u001b[35m_posts/git常用命令.md\u001b[39m","time":"2017-07-25T07:35:52.344Z","v":0}
{"name":"hexo","hostname":"lijiedeMacBook-Pro.local","pid":9539,"level":20,"msg":"Generator: \u001b[35mpage\u001b[39m","time":"2017-07-25T07:35:52.479Z","v":0}
{"name":"hexo","hostname":"lijiedeMacBook-Pro.local","pid":9539,"level":20,"msg":"Generator: \u001b[35mpost\u001b[39m","time":"2017-07-25T07:35:52.480Z","v":0}
{"name":"hexo","hostname":"lijiedeMacBook-Pro.local","pid":9539,"level":20,"msg":"Generator: \u001b[35mcategory\u001b[39m","time":"2017-07-25T07:35:52.480Z","v":0}
{"name":"hexo","hostname":"lijiedeMacBook-Pro.local","pid":9539,"level":20,"msg":"Generator: \u001b[35marchive\u001b[39m","time":"2017-07-25T07:35:52.480Z","v":0}
{"name":"hexo","hostname":"lijiedeMacBook-Pro.local","pid":9539,"level":20,"msg":"Generator: \u001b[35mindex\u001b[39m","time":"2017-07-25T07:35:52.480Z","v":0}
{"name":"hexo","hostname":"lijiedeMacBook-Pro.local","pid":9539,"level":20,"msg":"Generator: \u001b[35mtag\u001b[39m","time":"2017-07-25T07:35:52.480Z","v":0}
{"name":"hexo","hostname":"lijiedeMacBook-Pro.local","pid":9539,"level":20,"msg":"Generator: \u001b[35masset\u001b[39m","time":"2017-07-25T07:35:52.480Z","v":0}
{"name":"hexo","hostname":"lijiedeMacBook-Pro.local","pid":9539,"level":20,"msg":"Processed: \u001b[35m_posts/git常用命令.md\u001b[39m","time":"2017-07-25T07:39:58.672Z","v":0}
{"name":"hexo","hostname":"lijiedeMacBook-Pro.local","pid":9539,"level":20,"msg":"Generator: \u001b[35mpage\u001b[39m","time":"2017-07-25T07:39:58.811Z","v":0}
{"name":"hexo","hostname":"lijiedeMacBook-Pro.local","pid":9539,"level":20,"msg":"Generator: \u001b[35mpost\u001b[39m","time":"2017-07-25T07:39:58.811Z","v":0}
{"name":"hexo","hostname":"lijiedeMacBook-Pro.local","pid":9539,"level":20,"msg":"Generator: \u001b[35mcategory\u001b[39m","time":"2017-07-25T07:39:58.811Z","v":0}
{"name":"hexo","hostname":"lijiedeMacBook-Pro.local","pid":9539,"level":20,"msg":"Generator: \u001b[35marchive\u001b[39m","time":"2017-07-25T07:39:58.811Z","v":0}
{"name":"hexo","hostname":"lijiedeMacBook-Pro.local","pid":9539,"level":20,"msg":"Generator: \u001b[35mindex\u001b[39m","time":"2017-07-25T07:39:58.812Z","v":0}
{"name":"hexo","hostname":"lijiedeMacBook-Pro.local","pid":9539,"level":20,"msg":"Generator: \u001b[35mtag\u001b[39m","time":"2017-07-25T07:39:58.812Z","v":0}
{"name":"hexo","hostname":"lijiedeMacBook-Pro.local","pid":9539,"level":20,"msg":"Generator: \u001b[35masset\u001b[39m","time":"2017-07-25T07:39:58.812Z","v":0}
{"name":"hexo","hostname":"lijiedeMacBook-Pro.local","pid":9539,"level":20,"msg":"Processed: \u001b[35m_posts/git常用命令.md\u001b[39m","time":"2017-07-25T07:40:06.821Z","v":0}
{"name":"hexo","hostname":"lijiedeMacBook-Pro.local","pid":9539,"level":20,"msg":"Generator: \u001b[35mpage\u001b[39m","time":"2017-07-25T07:40:06.950Z","v":0}
{"name":"hexo","hostname":"lijiedeMacBook-Pro.local","pid":9539,"level":20,"msg":"Generator: \u001b[35mpost\u001b[39m","time":"2017-07-25T07:40:06.950Z","v":0}
{"name":"hexo","hostname":"lijiedeMacBook-Pro.local","pid":9539,"level":20,"msg":"Generator: \u001b[35mcategory\u001b[39m","time":"2017-07-25T07:40:06.950Z","v":0}
{"name":"hexo","hostname":"lijiedeMacBook-Pro.local","pid":9539,"level":20,"msg":"Generator: \u001b[35marchive\u001b[39m","time":"2017-07-25T07:40:06.950Z","v":0}
{"name":"hexo","hostname":"lijiedeMacBook-Pro.local","pid":9539,"level":20,"msg":"Generator: \u001b[35mindex\u001b[39m","time":"2017-07-25T07:40:06.950Z","v":0}
{"name":"hexo","hostname":"lijiedeMacBook-Pro.local","pid":9539,"level":20,"msg":"Generator: \u001b[35mtag\u001b[39m","time":"2017-07-25T07:40:06.951Z","v":0}
{"name":"hexo","hostname":"lijiedeMacBook-Pro.local","pid":9539,"level":20,"msg":"Generator: \u001b[35masset\u001b[39m","time":"2017-07-25T07:40:06.952Z","v":0}
{"name":"hexo","hostname":"lijiedeMacBook-Pro.local","pid":9539,"level":20,"msg":"Rendering index: \u001b[35mindex.html\u001b[39m","time":"2017-07-25T07:41:06.188Z","v":0}
{"name":"hexo","hostname":"lijiedeMacBook-Pro.local","pid":9539,"level":20,"msg":"Rendering post: \u001b[35m2017/07/25/git常用命令/index.html\u001b[39m","time":"2017-07-25T07:41:21.434Z","v":0}
{"name":"hexo","hostname":"lijiedeMacBook-Pro.local","pid":9539,"level":20,"msg":"Processed: \u001b[35m_posts/git常用命令.md\u001b[39m","time":"2017-07-25T07:41:31.134Z","v":0}
{"name":"hexo","hostname":"lijiedeMacBook-Pro.local","pid":9539,"level":20,"msg":"Generator: \u001b[35mpage\u001b[39m","time":"2017-07-25T07:41:31.261Z","v":0}
{"name":"hexo","hostname":"lijiedeMacBook-Pro.local","pid":9539,"level":20,"msg":"Generator: \u001b[35mpost\u001b[39m","time":"2017-07-25T07:41:31.262Z","v":0}
{"name":"hexo","hostname":"lijiedeMacBook-Pro.local","pid":9539,"level":20,"msg":"Generator: \u001b[35mcategory\u001b[39m","time":"2017-07-25T07:41:31.262Z","v":0}
{"name":"hexo","hostname":"lijiedeMacBook-Pro.local","pid":9539,"level":20,"msg":"Generator: \u001b[35marchive\u001b[39m","time":"2017-07-25T07:41:31.262Z","v":0}
{"name":"hexo","hostname":"lijiedeMacBook-Pro.local","pid":9539,"level":20,"msg":"Generator: \u001b[35mindex\u001b[39m","time":"2017-07-25T07:41:31.262Z","v":0}
{"name":"hexo","hostname":"lijiedeMacBook-Pro.local","pid":9539,"level":20,"msg":"Generator: \u001b[35mtag\u001b[39m","time":"2017-07-25T07:41:31.262Z","v":0}
{"name":"hexo","hostname":"lijiedeMacBook-Pro.local","pid":9539,"level":20,"msg":"Generator: \u001b[35masset\u001b[39m","time":"2017-07-25T07:41:31.262Z","v":0}
{"name":"hexo","hostname":"lijiedeMacBook-Pro.local","pid":9539,"level":20,"msg":"Rendering index: \u001b[35mindex.html\u001b[39m","time":"2017-07-25T07:41:35.362Z","v":0}
{"name":"hexo","hostname":"lijiedeMacBook-Pro.local","pid":9539,"level":20,"msg":"Processed: \u001b[35m_posts/hello-world.md\u001b[39m","time":"2017-07-25T07:43:05.524Z","v":0}
{"name":"hexo","hostname":"lijiedeMacBook-Pro.local","pid":9539,"level":20,"msg":"Generator: \u001b[35mpage\u001b[39m","time":"2017-07-25T07:43:05.662Z","v":0}
{"name":"hexo","hostname":"lijiedeMacBook-Pro.local","pid":9539,"level":20,"msg":"Generator: \u001b[35mpost\u001b[39m","time":"2017-07-25T07:43:05.662Z","v":0}
{"name":"hexo","hostname":"lijiedeMacBook-Pro.local","pid":9539,"level":20,"msg":"Generator: \u001b[35mcategory\u001b[39m","time":"2017-07-25T07:43:05.662Z","v":0}
{"name":"hexo","hostname":"lijiedeMacBook-Pro.local","pid":9539,"level":20,"msg":"Generator: \u001b[35marchive\u001b[39m","time":"2017-07-25T07:43:05.662Z","v":0}
{"name":"hexo","hostname":"lijiedeMacBook-Pro.local","pid":9539,"level":20,"msg":"Generator: \u001b[35mindex\u001b[39m","time":"2017-07-25T07:43:05.663Z","v":0}
{"name":"hexo","hostname":"lijiedeMacBook-Pro.local","pid":9539,"level":20,"msg":"Generator: \u001b[35mtag\u001b[39m","time":"2017-07-25T07:43:05.663Z","v":0}
{"name":"hexo","hostname":"lijiedeMacBook-Pro.local","pid":9539,"level":20,"msg":"Generator: \u001b[35masset\u001b[39m","time":"2017-07-25T07:43:05.663Z","v":0}
{"name":"hexo","hostname":"lijiedeMacBook-Pro.local","pid":9539,"level":20,"msg":"Processed: \u001b[35m_posts/hexo.md\u001b[39m","time":"2017-07-25T07:43:35.705Z","v":0}
{"name":"hexo","hostname":"lijiedeMacBook-Pro.local","pid":9539,"level":20,"msg":"Generator: \u001b[35mpage\u001b[39m","time":"2017-07-25T07:43:35.871Z","v":0}
{"name":"hexo","hostname":"lijiedeMacBook-Pro.local","pid":9539,"level":20,"msg":"Generator: \u001b[35mpost\u001b[39m","time":"2017-07-25T07:43:35.871Z","v":0}
{"name":"hexo","hostname":"lijiedeMacBook-Pro.local","pid":9539,"level":20,"msg":"Generator: \u001b[35mcategory\u001b[39m","time":"2017-07-25T07:43:35.872Z","v":0}
{"name":"hexo","hostname":"lijiedeMacBook-Pro.local","pid":9539,"level":20,"msg":"Generator: \u001b[35marchive\u001b[39m","time":"2017-07-25T07:43:35.872Z","v":0}
{"name":"hexo","hostname":"lijiedeMacBook-Pro.local","pid":9539,"level":20,"msg":"Generator: \u001b[35mindex\u001b[39m","time":"2017-07-25T07:43:35.872Z","v":0}
{"name":"hexo","hostname":"lijiedeMacBook-Pro.local","pid":9539,"level":20,"msg":"Generator: \u001b[35mtag\u001b[39m","time":"2017-07-25T07:43:35.872Z","v":0}
{"name":"hexo","hostname":"lijiedeMacBook-Pro.local","pid":9539,"level":20,"msg":"Generator: \u001b[35masset\u001b[39m","time":"2017-07-25T07:43:35.872Z","v":0}
{"name":"hexo","hostname":"lijiedeMacBook-Pro.local","pid":9539,"level":20,"msg":"Processed: \u001b[35m_posts/hexo.md\u001b[39m","time":"2017-07-25T07:43:37.342Z","v":0}
{"name":"hexo","hostname":"lijiedeMacBook-Pro.local","pid":9539,"level":20,"msg":"Generator: \u001b[35mpage\u001b[39m","time":"2017-07-25T07:43:37.486Z","v":0}
{"name":"hexo","hostname":"lijiedeMacBook-Pro.local","pid":9539,"level":20,"msg":"Generator: \u001b[35mpost\u001b[39m","time":"2017-07-25T07:43:37.486Z","v":0}
{"name":"hexo","hostname":"lijiedeMacBook-Pro.local","pid":9539,"level":20,"msg":"Generator: \u001b[35mcategory\u001b[39m","time":"2017-07-25T07:43:37.486Z","v":0}
{"name":"hexo","hostname":"lijiedeMacBook-Pro.local","pid":9539,"level":20,"msg":"Generator: \u001b[35marchive\u001b[39m","time":"2017-07-25T07:43:37.486Z","v":0}
{"name":"hexo","hostname":"lijiedeMacBook-Pro.local","pid":9539,"level":20,"msg":"Generator: \u001b[35mindex\u001b[39m","time":"2017-07-25T07:43:37.486Z","v":0}
{"name":"hexo","hostname":"lijiedeMacBook-Pro.local","pid":9539,"level":20,"msg":"Generator: \u001b[35mtag\u001b[39m","time":"2017-07-25T07:43:37.487Z","v":0}
{"name":"hexo","hostname":"lijiedeMacBook-Pro.local","pid":9539,"level":20,"msg":"Generator: \u001b[35masset\u001b[39m","time":"2017-07-25T07:43:37.490Z","v":0}
{"name":"hexo","hostname":"lijiedeMacBook-Pro.local","pid":9539,"level":20,"msg":"Processed: \u001b[35m_posts/hexo.md\u001b[39m","time":"2017-07-25T07:44:28.261Z","v":0}
{"name":"hexo","hostname":"lijiedeMacBook-Pro.local","pid":9539,"level":20,"msg":"Generator: \u001b[35mpage\u001b[39m","time":"2017-07-25T07:44:28.389Z","v":0}
{"name":"hexo","hostname":"lijiedeMacBook-Pro.local","pid":9539,"level":20,"msg":"Generator: \u001b[35mpost\u001b[39m","time":"2017-07-25T07:44:28.389Z","v":0}
{"name":"hexo","hostname":"lijiedeMacBook-Pro.local","pid":9539,"level":20,"msg":"Generator: \u001b[35mcategory\u001b[39m","time":"2017-07-25T07:44:28.389Z","v":0}
{"name":"hexo","hostname":"lijiedeMacBook-Pro.local","pid":9539,"level":20,"msg":"Generator: \u001b[35marchive\u001b[39m","time":"2017-07-25T07:44:28.389Z","v":0}
{"name":"hexo","hostname":"lijiedeMacBook-Pro.local","pid":9539,"level":20,"msg":"Generator: \u001b[35mindex\u001b[39m","time":"2017-07-25T07:44:28.389Z","v":0}
{"name":"hexo","hostname":"lijiedeMacBook-Pro.local","pid":9539,"level":20,"msg":"Generator: \u001b[35mtag\u001b[39m","time":"2017-07-25T07:44:28.390Z","v":0}
{"name":"hexo","hostname":"lijiedeMacBook-Pro.local","pid":9539,"level":20,"msg":"Generator: \u001b[35masset\u001b[39m","time":"2017-07-25T07:44:28.390Z","v":0}
{"name":"hexo","hostname":"lijiedeMacBook-Pro.local","pid":9539,"level":20,"msg":"Rendering index: \u001b[35mindex.html\u001b[39m","time":"2017-07-25T07:45:43.170Z","v":0}
{"name":"hexo","hostname":"lijiedeMacBook-Pro.local","pid":9539,"level":20,"msg":"Rendering index: \u001b[35mindex.html\u001b[39m","time":"2017-07-25T09:17:42.188Z","v":0}
{"name":"hexo","hostname":"lijiedeMacBook-Pro.local","pid":9539,"level":20,"msg":"Rendering post: \u001b[35m2017/07/25/git常用命令/index.html\u001b[39m","time":"2017-07-25T12:39:46.721Z","v":0}
{"name":"hexo","hostname":"lijiedeMacBook-Pro.local","pid":9539,"level":20,"msg":"Rendering post: \u001b[35m2017/07/25/git常用命令/index.html\u001b[39m","time":"2017-07-25T12:46:07.487Z","v":0}
{"name":"hexo","hostname":"lijiedeMacBook-Pro.local","pid":9539,"level":20,"msg":"Rendering post: \u001b[35m2017/07/25/git常用命令/index.html\u001b[39m","time":"2017-07-25T13:55:24.141Z","v":0}
{"name":"hexo","hostname":"lijiedeMacBook-Pro.local","pid":9539,"level":20,"msg":"Rendering post: \u001b[35m2017/07/25/git常用命令/index.html\u001b[39m","time":"2017-07-25T14:03:00.761Z","v":0}
{"name":"hexo","hostname":"lijiedeMacBook-Pro.local","pid":9539,"level":20,"msg":"Rendering post: \u001b[35m2017/07/25/git常用命令/index.html\u001b[39m","time":"2017-07-26T03:09:32.131Z","v":0}
